app/build/intermediates/manifest_merge_blame_file/debug/manifest-merger-blame-debug-report.txt
1<?xml version="1.0" encoding="utf-8"?>
2<manifest xmlns:android="http://schemas.android.com/apk/res/android"
3    package="com.mehuljoisar.lockscreen"
4    android:versionCode="3"
5    android:versionName="1.2" >
6
7    <uses-sdk
8        android:minSdkVersion="19"
8-->src\main\AndroidManifest.xml
9        android:targetSdkVersion="19" />
9-->src\main\AndroidManifest.xml
10
11    <uses-permission android:name="android.permission.DISABLE_KEYGUARD" />
11-->src\main\AndroidManifest.xml:7:5-75
11-->src\main\AndroidManifest.xml:7:22-72
12    <uses-permission android:name="android.permission.REORDER_TASKS" />
12-->src\main\AndroidManifest.xml:8:5-72
12-->src\main\AndroidManifest.xml:8:22-69
13    <uses-permission android:name="android.permission.WAKE_LOCK" />
13-->src\main\AndroidManifest.xml:9:5-68
13-->src\main\AndroidManifest.xml:9:22-65
14    <uses-permission android:name="android.permission.RECEIVE_BOOT_COMPLETED" />
14-->src\main\AndroidManifest.xml:10:5-81
14-->src\main\AndroidManifest.xml:10:22-78
15    <uses-permission android:name="android.permission.READ_PHONE_STATE" />
15-->src\main\AndroidManifest.xml:11:5-75
15-->src\main\AndroidManifest.xml:11:22-72
16    <uses-permission android:name="android.permission.REORDER_TASKS" />
16-->src\main\AndroidManifest.xml:8:5-72
16-->src\main\AndroidManifest.xml:8:22-69
17    <uses-permission android:name="android.permission.SYSTEM_ALERT_WINDOW" />
17-->src\main\AndroidManifest.xml:13:5-78
17-->src\main\AndroidManifest.xml:13:22-75
18    <uses-permission android:name="android.permission.CAMERA" />
18-->src\main\AndroidManifest.xml:14:5-65
18-->src\main\AndroidManifest.xml:14:22-62
19
20    <uses-feature android:name="android.hardware.camera" />
20-->src\main\AndroidManifest.xml:15:5-60
20-->src\main\AndroidManifest.xml:15:19-57
21    <uses-feature android:name="android.hardware.camera.autofocus" />
21-->src\main\AndroidManifest.xml:16:5-70
21-->src\main\AndroidManifest.xml:16:19-67
22    <uses-feature
22-->[com.otaliastudios:cameraview:1.3.2] AndroidManifest.xml:25:5-27:36
23        android:name="android.hardware.camera.front"
23-->[com.otaliastudios:cameraview:1.3.2] AndroidManifest.xml:26:9-53
24        android:required="false" />
24-->[com.otaliastudios:cameraview:1.3.2] AndroidManifest.xml:27:9-33
25    <uses-feature
25-->[com.otaliastudios:cameraview:1.3.2] AndroidManifest.xml:28:5-30:36
26        android:name="android.hardware.microphone"
26-->[com.otaliastudios:cameraview:1.3.2] AndroidManifest.xml:29:9-51
27        android:required="false" />
27-->[com.otaliastudios:cameraview:1.3.2] AndroidManifest.xml:30:9-33
28
29    <application
29-->src\main\AndroidManifest.xml:18:5-46:19
30        android:appComponentFactory="androidx.core.app.CoreComponentFactory"
30-->[androidx.core:core:1.5.0-beta01] AndroidManifest.xml:24:18-86
31        android:debuggable="true"
32        android:icon="@drawable/logo"
32-->src\main\AndroidManifest.xml:19:9-38
33        android:label="@string/app_name"
33-->src\main\AndroidManifest.xml:20:9-41
34        android:testOnly="true" >
35        <activity
35-->src\main\AndroidManifest.xml:21:9-35:20
36            android:name="com.mehuljoisar.lockscreen.LockScreenActivity"
36-->src\main\AndroidManifest.xml:22:13-47
37            android:excludeFromRecents="true"
37-->src\main\AndroidManifest.xml:23:13-46
38            android:label="@string/app_name"
38-->src\main\AndroidManifest.xml:24:13-45
39            android:launchMode="singleTask"
39-->src\main\AndroidManifest.xml:25:13-44
40            android:screenOrientation="portrait"
40-->src\main\AndroidManifest.xml:26:13-49
41            android:theme="@android:style/Theme.NoTitleBar.Fullscreen" >
41-->src\main\AndroidManifest.xml:27:13-71
42            <intent-filter>
42-->src\main\AndroidManifest.xml:28:13-34:29
43                <action android:name="android.intent.action.MAIN" />
43-->src\main\AndroidManifest.xml:29:17-69
43-->src\main\AndroidManifest.xml:29:25-66
44
45                <category android:name="android.intent.category.LAUNCHER" />
45-->src\main\AndroidManifest.xml:30:17-77
45-->src\main\AndroidManifest.xml:30:27-74
46                <category android:name="android.intent.category.LAUNCHER" />
46-->src\main\AndroidManifest.xml:30:17-77
46-->src\main\AndroidManifest.xml:30:27-74
47                <!-- <category android:name="android.intent.category.HOME" /> -->
48                <category android:name="android.intent.category.DEFAULT" />
48-->src\main\AndroidManifest.xml:33:17-76
48-->src\main\AndroidManifest.xml:33:27-73
49            </intent-filter>
50        </activity>
51
52        <service android:name="com.mehuljoisar.lockscreen.utils.LockscreenService" />
52-->src\main\AndroidManifest.xml:37:9-60
52-->src\main\AndroidManifest.xml:37:18-57
53
54        <receiver
54-->src\main\AndroidManifest.xml:39:9-45:20
55            android:name="com.mehuljoisar.lockscreen.utils.LockscreenIntentReceiver"
55-->src\main\AndroidManifest.xml:40:13-59
56            android:enabled="true" >
56-->src\main\AndroidManifest.xml:41:13-35
57            <intent-filter>
57-->src\main\AndroidManifest.xml:42:13-44:29
58                <action android:name="android.intent.action.BOOT_COMPLETED" />
58-->src\main\AndroidManifest.xml:43:17-79
58-->src\main\AndroidManifest.xml:43:25-76
59            </intent-filter>
60        </receiver>
61
62        <meta-data
62-->[com.android.support:exifinterface:26.1.0] AndroidManifest.xml:23:9-25:38
63            android:name="android.support.VERSION"
63-->[com.android.support:exifinterface:26.1.0] AndroidManifest.xml:24:13-51
64            android:value="26.1.0" />
64-->[com.android.support:exifinterface:26.1.0] AndroidManifest.xml:25:13-35
65    </application>
66
67</manifest>